
                                      B A L A N C E  S H E E T                                      
                                                                                                    
                                                                                                    
                                                                                                    
Transaction Number    Amount Current Amount Date and Time of Transaction   Description              
------------------ --------- -------------- ------------------------------ -------------------------
                 4     -7.50          91.50 30-OCT-20 22.40.48.123000      wages                    
                21    124.00       1,078.50 14-OCT-20 22.54.55.123000      wages                    
                65      1.00       3,307.60 24-OCT-20 23.59.59.123000      wages                    
                66      -.10       3,307.50 22-OCT-20 23.58.33.123000      wages                    
                82     -9.40       4,153.70 14-OCT-20 22.57.46.123000      wages                    
                98      3.00       5,068.60 28-OCT-20 23.55.51.123000      wages                    
               121    -13.60       6,490.00 14-OCT-20 23.36.51.123000      wages                    
               158     -7.80       8,177.30 30-OCT-20 23.53.12.123000      wages                    
               174     64.00       8,897.90 30-OCT-20 23.41.15.123000      wages                    
               193     74.00       9,789.80 30-OCT-20 23.32.46.123000      wages                    
               212    -13.60      10,813.80 17-OCT-20 20.58.58.123000      wages                    
               215    148.00      10,998.70 20-OCT-20 22.45.55.123000      wages                    
               235      -.80      11,988.40 25-OCT-20 23.38.53.123000      wages                    
               240     19.00      12,064.10 29-OCT-20 22.33.51.123000      wages                    
               247     75.00      12,362.00 12-OCT-20 22.49.48.123000      wages                    
               268    144.00      13,480.20 24-OCT-20 23.50.59.123000      wages                    
               273     -4.70      13,585.10 30-OCT-20 22.13.46.123000      wages                    
               278     -3.60      13,801.20 12-OCT-20 23.37.33.123000      wages                    
               281     -6.30      14,007.90 30-OCT-20 23.57.30.123000      wages                    
               282      8.00      14,015.90 30-OCT-20 22.48.54.123000      wages                    
               287    -10.00      14,282.10 17-OCT-20 23.38.55.123000      wages                    
               290      6.00      14,414.10 30-OCT-20 22.45.58.123000      wages                    
               309     87.00      15,300.70 14-OCT-20 21.56.51.123000      wages                    
               316     14.00      15,583.80 30-OCT-20 23.23.40.123000      wages                    
               331     98.00      16,194.30 30-OCT-20 23.33.57.123000      wages                    
               332     -9.80      16,184.50 30-OCT-20 23.55.55.123000      wages                    
               339    -12.00      16,534.50 30-OCT-20 20.39.54.123000      wages                    
               367    119.00      17,985.90 12-OCT-20 22.54.51.123000      wages                    
               371     40.00      18,188.30 30-OCT-20 22.51.58.123000      wages                    
               372     -4.00      18,184.30 14-OCT-20 22.51.47.123000      wages                    
               397    140.00      19,669.30 12-OCT-20 23.23.25.123000      wages                    
               406    -12.70      20,284.90 20-OCT-20 23.37.56.123000      wages                    
               420     91.00      21,100.80 30-OCT-20 23.41.26.123000      wages                    
               428     94.00      21,645.00 30-OCT-20 23.44.55.123000      wages                    
               441     93.00      22,285.40 30-OCT-20 22.58.55.123000      wages                    
               456     45.00      23,087.00 30-OCT-20 21.41.57.123000      wages                    
               463     14.00      23,225.20 30-OCT-20 23.56.11.123000      wages                    
               481     -5.70      23,902.90 30-OCT-20 23.52.47.123000      wages                    
               483      -.60      23,908.30 30-OCT-20 23.38.50.123000      wages                    
               500     48.00      25,045.80 11-OCT-20 20.10.26.123000      wages                    
               517     79.00      26,073.40 30-OCT-20 22.36.59.123000      wages                    
               537    149.00      27,097.10 30-OCT-20 20.48.51.123000                               
               539    -13.30      27,216.80 29-OCT-20 22.15.11.123000                               
               581     49.00      29,113.90 22-OCT-20 22.55.59.123000                               
               618     -9.20      30,382.50 30-OCT-20 23.58.57.123000                               
               628    137.00      31,015.80 30-OCT-20 04.23.40.123000                               
               652      3.00      31,737.90 30-OCT-20 23.54.56.123000                               
               656    139.00      31,915.30 30-OCT-20 23.18.52.123000                               
               666     41.00      32,526.80 19-OCT-20 23.48.58.123000                               
               668     19.00      32,541.70 30-OCT-20 23.59.39.123000                               
               730    -14.80      35,227.20 23-OCT-20 21.53.52.123000                               
               733      3.00      35,309.40 15-OCT-20 23.40.38.123000                               
               741     72.00      35,732.20 27-OCT-20 23.46.57.123000                               
               796     34.00      38,661.10 22-OCT-20 22.34.17.123000                               
               798     91.00      38,748.70 26-OCT-20 22.59.30.123000                               
               804    132.00      38,989.50 30-OCT-20 21.51.58.123000                               
               812     -7.20      39,398.60 24-OCT-20 23.32.48.123000                               
               813     76.00      39,474.60 30-OCT-20 21.54.53.123000                               
               816     -6.00      39,521.00 30-OCT-20 22.51.45.123000                               
               818     -9.30      39,604.70 20-OCT-20 21.38.23.123000                               
               835      6.00      40,227.00 30-OCT-20 23.56.56.123000                               
               849     50.00      40,647.40 20-OCT-20 22.56.24.123000                               
               850     26.00      40,673.40 30-OCT-20 23.41.32.123000                               
               869      8.00      41,312.50 30-OCT-20 23.49.40.123000                               
               882     -2.00      41,615.70 30-OCT-20 23.45.55.123000                               
               908      5.00      42,828.60 20-OCT-20 22.35.40.123000                               
               910     -7.40      42,895.20 27-OCT-20 23.38.54.123000                               
               925     15.00      43,842.60 30-OCT-20 23.16.41.123000                               
               932     -7.80      44,304.60 24-OCT-20 23.53.14.123000                               
               957     -6.10      45,501.60 12-OCT-20 23.49.31.123000                               
               959     63.00      45,647.60 13-OCT-20 22.57.58.123000                               
               960     15.00      45,662.60 18-OCT-20 23.44.49.123000                               
               988     16.00      46,930.60 30-OCT-20 23.44.50.123000                               
Elapsed: 00:00:00.06
